# JRE version: Java(TM) SE Runtime Environment (8.0_60-b27) (build 1.8.0_60-b27)
# Java VM: Java HotSpot(TM) 64-Bit Server VM (25.60-b23 mixed mode windows-amd64 compressed oops)
Heap:
 PSYoungGen      total 18944K, used 17889K [0x00000000ead00000, 0x00000000ed200000, 0x0000000100000000)
  eden space 16384K, 93% used [0x00000000ead00000,0x00000000ebc09808,0x00000000ebd00000)
  from space 2560K, 97% used [0x00000000ebd00000,0x00000000ebf6ec00,0x00000000ebf80000)
  to   space 2560K, 0% used [0x00000000ecf80000,0x00000000ecf80000,0x00000000ed200000)
 ParOldGen       total 44032K, used 3514K [0x00000000c0600000, 0x00000000c3100000, 0x00000000ead00000)
  object space 44032K, 7% used [0x00000000c0600000,0x00000000c096e9c8,0x00000000c3100000)
 Metaspace       used 12373K, capacity 12566K, committed 12800K, reserved 1060864K
  class space    used 1428K, capacity 1503K, committed 1536K, reserved 1048576K
GC Heap History (6 events):
Event: 1.029 GC heap before
{Heap before GC invocations=1 (full 0):
 PSYoungGen      total 18944K, used 16384K [0x00000000ead00000, 0x00000000ec200000, 0x0000000100000000)
  eden space 16384K, 100% used [0x00000000ead00000,0x00000000ebd00000,0x00000000ebd00000)
  from space 2560K, 0% used [0x00000000ebf80000,0x00000000ebf80000,0x00000000ec200000)
  to   space 2560K, 0% used [0x00000000ebd00000,0x00000000ebd00000,0x00000000ebf80000)
 ParOldGen       total 44032K, used 0K [0x00000000c0600000, 0x00000000c3100000, 0x00000000ead00000)
  object space 44032K, 0% used [0x00000000c0600000,0x00000000c0600000,0x00000000c3100000)
 Metaspace       used 5061K, capacity 6264K, committed 6528K, reserved 1056768K
  class space    used 586K, capacity 616K, committed 640K, reserved 1048576K
Event: 1.039 GC heap after
Heap after GC invocations=1 (full 0):
 PSYoungGen      total 18944K, used 2528K [0x00000000ead00000, 0x00000000ec200000, 0x0000000100000000)
  eden space 16384K, 0% used [0x00000000ead00000,0x00000000ead00000,0x00000000ebd00000)
  from space 2560K, 98% used [0x00000000ebd00000,0x00000000ebf78020,0x00000000ebf80000)
  to   space 2560K, 0% used [0x00000000ebf80000,0x00000000ebf80000,0x00000000ec200000)
 ParOldGen       total 44032K, used 2621K [0x00000000c0600000, 0x00000000c3100000, 0x00000000ead00000)
  object space 44032K, 5% used [0x00000000c0600000,0x00000000c088f660,0x00000000c3100000)
 Metaspace       used 5061K, capacity 6264K, committed 6528K, reserved 1056768K
  class space    used 586K, capacity 616K, committed 640K, reserved 1048576K
}
Event: 4.956 GC heap before
{Heap before GC invocations=2 (full 0):
 PSYoungGen      total 18944K, used 18912K [0x00000000ead00000, 0x00000000ec200000, 0x0000000100000000)
  eden space 16384K, 100% used [0x00000000ead00000,0x00000000ebd00000,0x00000000ebd00000)
  from space 2560K, 98% used [0x00000000ebd00000,0x00000000ebf78020,0x00000000ebf80000)
  to   space 2560K, 0% used [0x00000000ebf80000,0x00000000ebf80000,0x00000000ec200000)
 ParOldGen       total 44032K, used 2621K [0x00000000c0600000, 0x00000000c3100000, 0x00000000ead00000)
  object space 44032K, 5% used [0x00000000c0600000,0x00000000c088f660,0x00000000c3100000)
 Metaspace       used 10680K, capacity 10838K, committed 11136K, reserved 1058816K
  class space    used 1239K, capacity 1311K, committed 1408K, reserved 1048576K
Event: 4.972 GC heap after
Heap after GC invocations=2 (full 0):
 PSYoungGen      total 18944K, used 2533K [0x00000000ead00000, 0x00000000ec200000, 0x0000000100000000)
  eden space 16384K, 0% used [0x00000000ead00000,0x00000000ead00000,0x00000000ebd00000)
  from space 2560K, 98% used [0x00000000ebf80000,0x00000000ec1f95e8,0x00000000ec200000)
  to   space 2560K, 0% used [0x00000000ebd00000,0x00000000ebd00000,0x00000000ebf80000)
 ParOldGen       total 44032K, used 3506K [0x00000000c0600000, 0x00000000c3100000, 0x00000000ead00000)
  object space 44032K, 7% used [0x00000000c0600000,0x00000000c096c9c8,0x00000000c3100000)
 Metaspace       used 10680K, capacity 10838K, committed 11136K, reserved 1058816K
  class space    used 1239K, capacity 1311K, committed 1408K, reserved 1048576K
}
Event: 5.321 GC heap before
{Heap before GC invocations=3 (full 0):
 PSYoungGen      total 18944K, used 18917K [0x00000000ead00000, 0x00000000ec200000, 0x0000000100000000)
  eden space 16384K, 100% used [0x00000000ead00000,0x00000000ebd00000,0x00000000ebd00000)
  from space 2560K, 98% used [0x00000000ebf80000,0x00000000ec1f95e8,0x00000000ec200000)
  to   space 2560K, 0% used [0x00000000ebd00000,0x00000000ebd00000,0x00000000ebf80000)
 ParOldGen       total 44032K, used 3506K [0x00000000c0600000, 0x00000000c3100000, 0x00000000ead00000)
  object space 44032K, 7% used [0x00000000c0600000,0x00000000c096c9c8,0x00000000c3100000)
 Metaspace       used 11091K, capacity 11254K, committed 11392K, reserved 1058816K
  class space    used 1282K, capacity 1343K, committed 1408K, reserved 1048576K
Event: 5.331 GC heap after
Heap after GC invocations=3 (full 0):
 PSYoungGen      total 18944K, used 2491K [0x00000000ead00000, 0x00000000ed200000, 0x0000000100000000)
  eden space 16384K, 0% used [0x00000000ead00000,0x00000000ead00000,0x00000000ebd00000)
  from space 2560K, 97% used [0x00000000ebd00000,0x00000000ebf6ec00,0x00000000ebf80000)
  to   space 2560K, 0% used [0x00000000ecf80000,0x00000000ecf80000,0x00000000ed200000)
 ParOldGen       total 44032K, used 3514K [0x00000000c0600000, 0x00000000c3100000, 0x00000000ead00000)
  object space 44032K, 7% used [0x00000000c0600000,0x00000000c096e9c8,0x00000000c3100000)
 Metaspace       used 11091K, capacity 11254K, committed 11392K, reserved 1058816K
  class space    used 1282K, capacity 1343K, committed 1408K, reserved 1048576K
}

